[INFO  - 2017-05-25T12:36:56.870Z] GhostDriver - Main - running on port 33192
[INFO  - 2017-05-25T12:36:57.112Z] Session [d7243540-4146-11e7-aef9-7157a064f415] - page.settings - {"XSSAuditingEnabled":false,"javascriptCanCloseWindows":true,"javascriptCanOpenWindows":true,"javascriptEnabled":true,"loadImages":true,"localToRemoteUrlAccessEnabled":false,"userAgent":"Mozilla/5.0 (Windows NT 6.2; WOW64) AppleWebKit/538.1 (KHTML, like Gecko) PhantomJS/2.1.1 Safari/538.1","webSecurityEnabled":true}
[INFO  - 2017-05-25T12:36:57.112Z] Session [d7243540-4146-11e7-aef9-7157a064f415] - page.customHeaders:  - {}
[INFO  - 2017-05-25T12:36:57.112Z] Session [d7243540-4146-11e7-aef9-7157a064f415] - Session.negotiatedCapabilities - {"browserName":"phantomjs","version":"2.1.1","driverName":"ghostdriver","driverVersion":"1.2.0","platform":"windows-8.1-32bit","javascriptEnabled":true,"takesScreenshot":true,"handlesAlerts":false,"databaseEnabled":false,"locationContextEnabled":false,"applicationCacheEnabled":false,"browserConnectionEnabled":false,"cssSelectorsEnabled":true,"webStorageEnabled":false,"rotatable":false,"acceptSslCerts":false,"nativeEvents":true,"proxy":{"proxyType":"direct"}}
[INFO  - 2017-05-25T12:36:57.112Z] SessionManagerReqHand - _postNewSessionCommand - New Session Created: d7243540-4146-11e7-aef9-7157a064f415
[INFO  - 2017-05-25T12:37:00.049Z] ShutdownReqHand - _handle - About to shutdown
[INFO  - 2017-05-25T12:41:08.740Z] GhostDriver - Main - running on port 38757
[INFO  - 2017-05-25T12:41:08.924Z] Session [6d3b8470-4147-11e7-9c52-9124960cea91] - page.settings - {"XSSAuditingEnabled":false,"javascriptCanCloseWindows":true,"javascriptCanOpenWindows":true,"javascriptEnabled":true,"loadImages":true,"localToRemoteUrlAccessEnabled":false,"userAgent":"Mozilla/5.0 (Windows NT 6.2; WOW64) AppleWebKit/538.1 (KHTML, like Gecko) PhantomJS/2.1.1 Safari/538.1","webSecurityEnabled":true}
[INFO  - 2017-05-25T12:41:08.924Z] Session [6d3b8470-4147-11e7-9c52-9124960cea91] - page.customHeaders:  - {}
[INFO  - 2017-05-25T12:41:08.924Z] Session [6d3b8470-4147-11e7-9c52-9124960cea91] - Session.negotiatedCapabilities - {"browserName":"phantomjs","version":"2.1.1","driverName":"ghostdriver","driverVersion":"1.2.0","platform":"windows-8.1-32bit","javascriptEnabled":true,"takesScreenshot":true,"handlesAlerts":false,"databaseEnabled":false,"locationContextEnabled":false,"applicationCacheEnabled":false,"browserConnectionEnabled":false,"cssSelectorsEnabled":true,"webStorageEnabled":false,"rotatable":false,"acceptSslCerts":false,"nativeEvents":true,"proxy":{"proxyType":"direct"}}
[INFO  - 2017-05-25T12:41:08.924Z] SessionManagerReqHand - _postNewSessionCommand - New Session Created: 6d3b8470-4147-11e7-9c52-9124960cea91
[INFO  - 2017-05-25T12:41:11.353Z] ShutdownReqHand - _handle - About to shutdown
[INFO  - 2017-05-25T12:43:13.754Z] GhostDriver - Main - running on port 28884
[INFO  - 2017-05-25T12:43:14.014Z] Session [b7cabc90-4147-11e7-887f-1b54dc4c0995] - page.settings - {"XSSAuditingEnabled":false,"javascriptCanCloseWindows":true,"javascriptCanOpenWindows":true,"javascriptEnabled":true,"loadImages":true,"localToRemoteUrlAccessEnabled":false,"userAgent":"Mozilla/5.0 (Windows NT 6.2; WOW64) AppleWebKit/538.1 (KHTML, like Gecko) PhantomJS/2.1.1 Safari/538.1","webSecurityEnabled":true}
[INFO  - 2017-05-25T12:43:14.014Z] Session [b7cabc90-4147-11e7-887f-1b54dc4c0995] - page.customHeaders:  - {}
[INFO  - 2017-05-25T12:43:14.014Z] Session [b7cabc90-4147-11e7-887f-1b54dc4c0995] - Session.negotiatedCapabilities - {"browserName":"phantomjs","version":"2.1.1","driverName":"ghostdriver","driverVersion":"1.2.0","platform":"windows-8.1-32bit","javascriptEnabled":true,"takesScreenshot":true,"handlesAlerts":false,"databaseEnabled":false,"locationContextEnabled":false,"applicationCacheEnabled":false,"browserConnectionEnabled":false,"cssSelectorsEnabled":true,"webStorageEnabled":false,"rotatable":false,"acceptSslCerts":false,"nativeEvents":true,"proxy":{"proxyType":"direct"}}
[INFO  - 2017-05-25T12:43:14.014Z] SessionManagerReqHand - _postNewSessionCommand - New Session Created: b7cabc90-4147-11e7-887f-1b54dc4c0995
[INFO  - 2017-05-25T12:43:16.466Z] ShutdownReqHand - _handle - About to shutdown
[INFO  - 2017-05-25T12:43:34.116Z] GhostDriver - Main - running on port 24445
[INFO  - 2017-05-25T12:43:34.376Z] Session [c3ede240-4147-11e7-8429-8f8cac05a607] - page.settings - {"XSSAuditingEnabled":false,"javascriptCanCloseWindows":true,"javascriptCanOpenWindows":true,"javascriptEnabled":true,"loadImages":true,"localToRemoteUrlAccessEnabled":false,"userAgent":"Mozilla/5.0 (Windows NT 6.2; WOW64) AppleWebKit/538.1 (KHTML, like Gecko) PhantomJS/2.1.1 Safari/538.1","webSecurityEnabled":true}
[INFO  - 2017-05-25T12:43:34.376Z] Session [c3ede240-4147-11e7-8429-8f8cac05a607] - page.customHeaders:  - {}
[INFO  - 2017-05-25T12:43:34.377Z] Session [c3ede240-4147-11e7-8429-8f8cac05a607] - Session.negotiatedCapabilities - {"browserName":"phantomjs","version":"2.1.1","driverName":"ghostdriver","driverVersion":"1.2.0","platform":"windows-8.1-32bit","javascriptEnabled":true,"takesScreenshot":true,"handlesAlerts":false,"databaseEnabled":false,"locationContextEnabled":false,"applicationCacheEnabled":false,"browserConnectionEnabled":false,"cssSelectorsEnabled":true,"webStorageEnabled":false,"rotatable":false,"acceptSslCerts":false,"nativeEvents":true,"proxy":{"proxyType":"direct"}}
[INFO  - 2017-05-25T12:43:34.377Z] SessionManagerReqHand - _postNewSessionCommand - New Session Created: c3ede240-4147-11e7-8429-8f8cac05a607
[INFO  - 2017-05-25T12:43:36.907Z] ShutdownReqHand - _handle - About to shutdown
[INFO  - 2017-05-25T12:44:46.599Z] GhostDriver - Main - running on port 40189
[INFO  - 2017-05-25T12:44:46.878Z] Session [ef24cfa0-4147-11e7-8ea0-e38424c88c33] - page.settings - {"XSSAuditingEnabled":false,"javascriptCanCloseWindows":true,"javascriptCanOpenWindows":true,"javascriptEnabled":true,"loadImages":true,"localToRemoteUrlAccessEnabled":false,"userAgent":"Mozilla/5.0 (Windows NT 6.2; WOW64) AppleWebKit/538.1 (KHTML, like Gecko) PhantomJS/2.1.1 Safari/538.1","webSecurityEnabled":true}
[INFO  - 2017-05-25T12:44:46.878Z] Session [ef24cfa0-4147-11e7-8ea0-e38424c88c33] - page.customHeaders:  - {}
[INFO  - 2017-05-25T12:44:46.878Z] Session [ef24cfa0-4147-11e7-8ea0-e38424c88c33] - Session.negotiatedCapabilities - {"browserName":"phantomjs","version":"2.1.1","driverName":"ghostdriver","driverVersion":"1.2.0","platform":"windows-8.1-32bit","javascriptEnabled":true,"takesScreenshot":true,"handlesAlerts":false,"databaseEnabled":false,"locationContextEnabled":false,"applicationCacheEnabled":false,"browserConnectionEnabled":false,"cssSelectorsEnabled":true,"webStorageEnabled":false,"rotatable":false,"acceptSslCerts":false,"nativeEvents":true,"proxy":{"proxyType":"direct"}}
[INFO  - 2017-05-25T12:44:46.878Z] SessionManagerReqHand - _postNewSessionCommand - New Session Created: ef24cfa0-4147-11e7-8ea0-e38424c88c33
[INFO  - 2017-05-25T12:44:49.155Z] ShutdownReqHand - _handle - About to shutdown
